[debug] [2024-05-03T09:32:13.777Z] ----------------------------------------------------------------------
[debug] [2024-05-03T09:32:13.778Z] Command:       C:\Program Files\nodejs\node.exe C:\Users\pinmi\AppData\Roaming\npm\node_modules\firebase-tools\lib\bin\firebase.js init
[debug] [2024-05-03T09:32:13.778Z] CLI Version:   13.8.0
[debug] [2024-05-03T09:32:13.779Z] Platform:      win32
[debug] [2024-05-03T09:32:13.779Z] Node Version:  v20.12.2
[debug] [2024-05-03T09:32:13.779Z] Time:          Fri May 03 2024 11:32:13 GMT+0200 (Central European Summer Time)
[debug] [2024-05-03T09:32:13.779Z] ----------------------------------------------------------------------
[debug] 
[debug] [2024-05-03T09:32:13.789Z] > command requires scopes: ["email","openid","https://www.googleapis.com/auth/cloudplatformprojects.readonly","https://www.googleapis.com/auth/firebase","https://www.googleapis.com/auth/cloud-platform"]
[debug] [2024-05-03T09:32:13.790Z] > authorizing via signed-in user (pin.michele23@gmail.com)
[info] 
     ######## #### ########  ######## ########     ###     ######  ########
     ##        ##  ##     ## ##       ##     ##  ##   ##  ##       ##
     ######    ##  ########  ######   ########  #########  ######  ######
     ##        ##  ##    ##  ##       ##     ## ##     ##       ## ##
     ##       #### ##     ## ######## ########  ##     ##  ######  ########

You're about to initialize a Firebase project in this directory:

  C:\Users\pinmi\OneDrive\Documents\GitHub\Portfolio Back\Parking\justpark-back

[info] 
=== Project Setup
[info] 
[info] First, let's associate this project directory with a Firebase project.
[info] You can create multiple project aliases by running firebase use --add, 
[info] but for now we'll just set up a default project.
[info] 
[debug] [2024-05-03T09:32:34.693Z] > refreshing access token with scopes: []
[debug] [2024-05-03T09:32:34.694Z] >>> [apiv2][query] POST https://www.googleapis.com/oauth2/v3/token [none]
[debug] [2024-05-03T09:32:34.695Z] >>> [apiv2][body] POST https://www.googleapis.com/oauth2/v3/token [omitted]
[debug] [2024-05-03T09:32:35.062Z] <<< [apiv2][status] POST https://www.googleapis.com/oauth2/v3/token 200
[debug] [2024-05-03T09:32:35.062Z] <<< [apiv2][body] POST https://www.googleapis.com/oauth2/v3/token [omitted]
[debug] [2024-05-03T09:32:35.074Z] >>> [apiv2][query] GET https://firebase.googleapis.com/v1beta1/projects pageSize=100
[debug] [2024-05-03T09:32:35.669Z] <<< [apiv2][status] GET https://firebase.googleapis.com/v1beta1/projects 200
[debug] [2024-05-03T09:32:35.669Z] <<< [apiv2][body] GET https://firebase.googleapis.com/v1beta1/projects [omitted]
[info] i  Using project justpark-57f9f (justpark) 
[info] 
=== Hosting Setup
[debug] [2024-05-03T09:32:39.789Z] >>> [apiv2][query] GET https://firebase.googleapis.com/v1beta1/projects/justpark-57f9f [none]
[debug] [2024-05-03T09:32:40.071Z] <<< [apiv2][status] GET https://firebase.googleapis.com/v1beta1/projects/justpark-57f9f 200
[debug] [2024-05-03T09:32:40.072Z] <<< [apiv2][body] GET https://firebase.googleapis.com/v1beta1/projects/justpark-57f9f {"projectId":"justpark-57f9f","projectNumber":"480893654931","displayName":"justpark","name":"projects/justpark-57f9f","resources":{"hostingSite":"justpark-57f9f"},"state":"ACTIVE","etag":"1_3249de2f-14cd-4cf2-84f5-f93ddd6a6e4b"}
[info] 
[info] Your public directory is the folder (relative to your project directory) that
[info] will contain Hosting assets to be uploaded with firebase deploy. If you
[info] have a build process for your assets, use your build's output directory.
[info] 
[info] +  Wrote dist/404.html 
[debug] [2024-05-03T09:33:28.112Z] >>> [apiv2][query] GET https://www.gstatic.com/firebasejs/releases.json [none]
[debug] [2024-05-03T09:33:28.304Z] <<< [apiv2][status] GET https://www.gstatic.com/firebasejs/releases.json 200
[debug] [2024-05-03T09:33:28.304Z] <<< [apiv2][body] GET https://www.gstatic.com/firebasejs/releases.json {"current":{"version":"10.11.1","browserURL":"https://www.gstatic.com/firebasejs/10.11.1/firebase.js","packageURL":"https://www.gstatic.com/firebasejs/10.11.1/firebase.tgz"},"live":{"version":"10.11","browserURL":"https://www.gstatic.com/firebasejs/live/10.11/firebase.js","packageURL":"https://www.gstatic.com/firebasejs/live/10.11/firebase.tgz"},"components":{"analytics":"https://www.gstatic.com/firebasejs/10.11.1/firebase-analytics.js","app":"https://www.gstatic.com/firebasejs/10.11.1/firebase-app.js","app-check":"https://www.gstatic.com/firebasejs/10.11.1/firebase-app-check.js","auth":"https://www.gstatic.com/firebasejs/10.11.1/firebase-auth.js","auth/cordova":"https://www.gstatic.com/firebasejs/10.11.1/firebase-auth/cordova.js","auth/web-extension":"https://www.gstatic.com/firebasejs/10.11.1/firebase-auth/web-extension.js","functions":"https://www.gstatic.com/firebasejs/10.11.1/firebase-functions.js","firestore":"https://www.gstatic.com/firebasejs/10.11.1/firebase-firestore.js","firestore/lite":"https://www.gstatic.com/firebasejs/10.11.1/firebase-firestore/lite.js","installations":"https://www.gstatic.com/firebasejs/10.11.1/firebase-installations.js","storage":"https://www.gstatic.com/firebasejs/10.11.1/firebase-storage.js","performance":"https://www.gstatic.com/firebasejs/10.11.1/firebase-performance.js","remote-config":"https://www.gstatic.com/firebasejs/10.11.1/firebase-remote-config.js","messaging":"https://www.gstatic.com/firebasejs/10.11.1/firebase-messaging.js","messaging/sw":"https://www.gstatic.com/firebasejs/10.11.1/firebase-messaging/sw.js","database":"https://www.gstatic.com/firebasejs/10.11.1/firebase-database.js","firestore.memory":"https://www.gstatic.com/firebasejs/10.11.1/firebase-firestore.memory.js"}}
[info] +  Wrote dist/index.html 
[info] 
[info] i  Didn't detect a .git folder. Assuming C:\Users\pinmi\OneDrive\Documents\GitHub\Portfolio Back\Parking\justpark-back is the project root. 
[info] i  Authorizing with GitHub to upload your service account to a GitHub repository's secrets store. 
[info] 
[info] Visit this URL on this device to log in:
[info] https://github.com/login/oauth/authorize?client_id=89cf50f02ac6aaed3484&state=428593162&redirect_uri=http%3A%2F%2Flocalhost%3A9005&scope=read%3Auser%20repo%20public_repo
[info] 
[info] Waiting for authentication...
[debug] [2024-05-03T09:33:28.317Z] Error: spawn cmd ENOENT
    at ChildProcess._handle.onexit (node:internal/child_process:286:19)
    at onErrorNT (node:internal/child_process:484:16)
    at process.processTicksAndRejections (node:internal/process/task_queues:82:21)
[error] 
[error] Error: An unexpected error has occurred.
[debug] [2024-05-03T09:38:39.371Z] ----------------------------------------------------------------------
[debug] [2024-05-03T09:38:39.372Z] Command:       C:\Program Files\nodejs\node.exe C:\Users\pinmi\AppData\Roaming\npm\node_modules\firebase-tools\lib\bin\firebase.js init
[debug] [2024-05-03T09:38:39.373Z] CLI Version:   13.8.0
[debug] [2024-05-03T09:38:39.373Z] Platform:      win32
[debug] [2024-05-03T09:38:39.373Z] Node Version:  v20.12.2
[debug] [2024-05-03T09:38:39.373Z] Time:          Fri May 03 2024 11:38:39 GMT+0200 (Central European Summer Time)
[debug] [2024-05-03T09:38:39.373Z] ----------------------------------------------------------------------
[debug] 
[debug] [2024-05-03T09:38:39.377Z] > command requires scopes: ["email","openid","https://www.googleapis.com/auth/cloudplatformprojects.readonly","https://www.googleapis.com/auth/firebase","https://www.googleapis.com/auth/cloud-platform"]
[debug] [2024-05-03T09:38:39.377Z] > authorizing via signed-in user (pin.michele23@gmail.com)
[info] 
     ######## #### ########  ######## ########     ###     ######  ########
     ##        ##  ##     ## ##       ##     ##  ##   ##  ##       ##
     ######    ##  ########  ######   ########  #########  ######  ######
     ##        ##  ##    ##  ##       ##     ## ##     ##       ## ##
     ##       #### ##     ## ######## ########  ##     ##  ######  ########

You're about to initialize a Firebase project in this directory:

  C:\Users\pinmi\OneDrive\Documents\GitHub\Portfolio Back\Parking\justpark-back

[info] 
=== Project Setup
[info] 
[info] First, let's associate this project directory with a Firebase project.
[info] You can create multiple project aliases by running firebase use --add, 
[info] but for now we'll just set up a default project.
[info] 
[debug] [2024-05-03T09:39:03.681Z] >>> [apiv2][query] GET https://firebase.googleapis.com/v1beta1/projects pageSize=100
[debug] [2024-05-03T09:39:04.329Z] <<< [apiv2][status] GET https://firebase.googleapis.com/v1beta1/projects 200
[debug] [2024-05-03T09:39:04.329Z] <<< [apiv2][body] GET https://firebase.googleapis.com/v1beta1/projects [omitted]
[info] i  Using project justpark-57f9f (justpark) 
[info] 
=== Hosting Setup
[debug] [2024-05-03T09:39:06.207Z] >>> [apiv2][query] GET https://firebase.googleapis.com/v1beta1/projects/justpark-57f9f [none]
[debug] [2024-05-03T09:39:06.577Z] <<< [apiv2][status] GET https://firebase.googleapis.com/v1beta1/projects/justpark-57f9f 200
[debug] [2024-05-03T09:39:06.577Z] <<< [apiv2][body] GET https://firebase.googleapis.com/v1beta1/projects/justpark-57f9f {"projectId":"justpark-57f9f","projectNumber":"480893654931","displayName":"justpark","name":"projects/justpark-57f9f","resources":{"hostingSite":"justpark-57f9f"},"state":"ACTIVE","etag":"1_3249de2f-14cd-4cf2-84f5-f93ddd6a6e4b"}
[info] 
[info] Your public directory is the folder (relative to your project directory) that
[info] will contain Hosting assets to be uploaded with firebase deploy. If you
[info] have a build process for your assets, use your build's output directory.
[info] 
[info] +  Wrote public/404.html 
[debug] [2024-05-03T09:44:23.026Z] >>> [apiv2][query] GET https://www.gstatic.com/firebasejs/releases.json [none]
[debug] [2024-05-03T09:44:23.364Z] <<< [apiv2][status] GET https://www.gstatic.com/firebasejs/releases.json 200
[debug] [2024-05-03T09:44:23.364Z] <<< [apiv2][body] GET https://www.gstatic.com/firebasejs/releases.json {"current":{"version":"10.11.1","browserURL":"https://www.gstatic.com/firebasejs/10.11.1/firebase.js","packageURL":"https://www.gstatic.com/firebasejs/10.11.1/firebase.tgz"},"live":{"version":"10.11","browserURL":"https://www.gstatic.com/firebasejs/live/10.11/firebase.js","packageURL":"https://www.gstatic.com/firebasejs/live/10.11/firebase.tgz"},"components":{"analytics":"https://www.gstatic.com/firebasejs/10.11.1/firebase-analytics.js","app":"https://www.gstatic.com/firebasejs/10.11.1/firebase-app.js","app-check":"https://www.gstatic.com/firebasejs/10.11.1/firebase-app-check.js","auth":"https://www.gstatic.com/firebasejs/10.11.1/firebase-auth.js","auth/cordova":"https://www.gstatic.com/firebasejs/10.11.1/firebase-auth/cordova.js","auth/web-extension":"https://www.gstatic.com/firebasejs/10.11.1/firebase-auth/web-extension.js","functions":"https://www.gstatic.com/firebasejs/10.11.1/firebase-functions.js","firestore":"https://www.gstatic.com/firebasejs/10.11.1/firebase-firestore.js","firestore/lite":"https://www.gstatic.com/firebasejs/10.11.1/firebase-firestore/lite.js","installations":"https://www.gstatic.com/firebasejs/10.11.1/firebase-installations.js","storage":"https://www.gstatic.com/firebasejs/10.11.1/firebase-storage.js","performance":"https://www.gstatic.com/firebasejs/10.11.1/firebase-performance.js","remote-config":"https://www.gstatic.com/firebasejs/10.11.1/firebase-remote-config.js","messaging":"https://www.gstatic.com/firebasejs/10.11.1/firebase-messaging.js","messaging/sw":"https://www.gstatic.com/firebasejs/10.11.1/firebase-messaging/sw.js","database":"https://www.gstatic.com/firebasejs/10.11.1/firebase-database.js","firestore.memory":"https://www.gstatic.com/firebasejs/10.11.1/firebase-firestore.memory.js"}}
[info] +  Wrote public/index.html 
[info] 
[info] i  Didn't detect a .git folder. Assuming C:\Users\pinmi\OneDrive\Documents\GitHub\Portfolio Back\Parking\justpark-back is the project root. 
[info] i  Authorizing with GitHub to upload your service account to a GitHub repository's secrets store. 
[info] 
[info] Visit this URL on this device to log in:
[info] https://github.com/login/oauth/authorize?client_id=89cf50f02ac6aaed3484&state=10332126&redirect_uri=http%3A%2F%2Flocalhost%3A9005&scope=read%3Auser%20repo%20public_repo
[info] 
[info] Waiting for authentication...
[debug] [2024-05-03T09:44:23.382Z] Error: spawn cmd ENOENT
    at ChildProcess._handle.onexit (node:internal/child_process:286:19)
    at onErrorNT (node:internal/child_process:484:16)
    at process.processTicksAndRejections (node:internal/process/task_queues:82:21)
[error] 
[error] Error: An unexpected error has occurred.
